Arguments: 
  /Users/uladzislaukavalski/.nvm/versions/node/v17.0.0/bin/node /Users/uladzislaukavalski/.nvm/versions/node/v17.0.0/bin/yarn install

PATH: 
  /opt/homebrew/Caskroom/google-cloud-sdk/latest/google-cloud-sdk/bin:/Users/uladzislaukavalski/.pyenv/bin:/Users/uladzislaukavalski/.nvm/versions/node/v17.0.0/bin:/opt/homebrew/bin:/opt/homebrew/bin:/opt/homebrew/sbin:/usr/local/bin:/usr/bin:/bin:/usr/sbin:/sbin:/opt/homebrew/Caskroom/google-cloud-sdk/latest/google-cloud-sdk/bin:/Users/uladzislaukavalski/.pyenv/bin:/Users/uladzislaukavalski/.nvm/versions/node/v17.0.0/bin:/opt/homebrew/bin:/opt/homebrew/sbin

Yarn version: 
  1.22.19

Node version: 
  17.0.0

Platform: 
  darwin arm64

Trace: 
  Error: getaddrinfo ENOTFOUND registry.yarnpkg.com
      at GetAddrInfoReqWrap.onlookup [as oncomplete] (node:dns:72:26)

npm manifest: 
  {
    "name": "vue-tdd-app",
    "version": "1.0.0",
    "private": false,
    "author": "Vladislav Kovalskij",
    "license": "MIT",
    "dependencies": {
      "vue": "^3.2.37"
    },
    "devDependencies": {
      "@babel/cli": "^7.17.10",
      "@babel/core": "^7.18.5",
      "@babel/node": "^7.18.5",
      "@babel/plugin-transform-runtime": "^7.18.5",
      "@babel/preset-env": "^7.18.2",
      "@vue/cli": "5.0.6",
      "babel-eslint": "^10.1.0",
      "babel-loader": "^8.2.5",
      "eslint": "^8.18.0",
      "eslint-config-airbnb-base": "^15.0.0",
      "eslint-config-prettier": "^8.5.0",
      "eslint-plugin-import": "^2.26.0",
      "eslint-plugin-prettier": "^4.0.0",
      "eslint-plugin-vue": "^9.1.1",
      "prettier": "^2.7.1"
    },
    "scripts": {
      "serve": "",
      "build": "",
      "lint": "",
      "test:unit": ""
    },
    "eslintConfig": {
      "extends": [
        "react-app",
        "react-app/jest"
      ]
    },
    "browserslist": {
      "production": [
        ">0.2%",
        "not dead",
        "not op_mini all"
      ],
      "development": [
        "last 1 chrome version",
        "last 1 firefox version",
        "last 1 safari version"
      ]
    }
  }

yarn manifest: 
  No manifest

Lockfile: 
  No lockfile
